<?xml version="1.0" encoding="UTF-8"?>
<!-- Generated by org.testng.reporters.JUnitXMLReporter -->
<testsuite ignored="0" hostname="DESKTOP-UGJHDGF" failures="1" tests="1" name="Test(failed)(failed)" time="28.969" errors="0" timestamp="2025-05-07T17:41:23 IST">
  <testcase classname="practiceProject.TestCase4_ProfileEdit" name="TC04_EditUserHeightWeight" time="15.607">
    <failure type="java.lang.AssertionError" message="Condition not matching test failed expected [true] but found [false]">
      <![CDATA[java.lang.AssertionError: Condition not matching test failed expected [true] but found [false]
at practiceProject.TestCase4_ProfileEdit.TC04_EditUserHeightWeight(TestCase4_ProfileEdit.java:41)
at java.base/java.util.ArrayList.forEach(ArrayList.java:1596)
... Removed 32 stack frames]]>
    </failure>
  </testcase> <!-- TC04_EditUserHeightWeight -->
</testsuite> <!-- Test(failed)(failed) -->
