<?xml version="1.0" encoding="UTF-8"?>
<!-- Generated by org.testng.reporters.JUnitXMLReporter -->
<testsuite ignored="1" hostname="DESKTOP-UGJHDGF" failures="1" tests="2" name="Test(failed)" time="68.039" errors="0" timestamp="2025-05-07T17:38:16 IST">
  <testcase classname="practiceProject.TestCase3_LoginWithIncorrectCreds" name="TC03_loginToAmazonWithIncorrectPassword" time="23.636"/>
  <testcase classname="practiceProject.TestCase4_ProfileEdit" name="TC04_EditUserHeightWeight" time="15.338">
    <failure type="java.lang.AssertionError" message="Condition not matching test failed expected [true] but found [false]">
      <![CDATA[java.lang.AssertionError: Condition not matching test failed expected [true] but found [false]
at practiceProject.TestCase4_ProfileEdit.TC04_EditUserHeightWeight(TestCase4_ProfileEdit.java:41)
at java.base/java.util.ArrayList.forEach(ArrayList.java:1596)
... Removed 32 stack frames]]>
    </failure>
  </testcase> <!-- TC04_EditUserHeightWeight -->
  <testcase classname="practiceProject.TestCase3_LoginWithIncorrectCreds" name="TC03_loginToAmazonWithIncorrectEmail" time="0.0">
    <ignored/>
  </testcase> <!-- TC03_loginToAmazonWithIncorrectEmail -->
</testsuite> <!-- Test(failed) -->
